FMT,128,GPS,BHBBffff,GPS:Timestamp,Lat,Lon,Alt,Spd
FMT,129,ATT,BHfff,ATT:Timestamp,Roll,Pitch,Yaw
GPS,0,37.6190821031124,-122.37499990334742,304.71409887015454,0
ATT,0,-0.09503944218158722,0.12057201564311981,359.5124816894531
GPS,0,37.61916306453662,-122.37500077717924,304.9391728197935,0
ATT,0,-0.333320289850235,0.33058983087539673,357.46051025390625
GPS,0,37.61924152385596,-122.37500552601638,305.8027590543693,0
ATT,0,-0.5979685187339783,0.4652090072631836,355.72772216796875
GPS,0,37.61931657630544,-122.37501588352964,307.16630769508447,0
ATT,0,-0.8284149765968323,0.5524798035621643,353.6617126464844
GPS,0,37.61938801559716,-122.37503207127847,308.79931220832407,0
ATT,0,-1.0421937704086304,0.6130045652389526,348.2296142578125
GPS,0,37.61945580284262,-122.37505407994928,310.5260466078392,0
ATT,0,-1.238012433052063,0.6219618916511536,339.179443359375
GPS,0,37.61951972542331,-122.37508217427543,312.2220618156794,0
ATT,0,-1.3003451824188232,0.5675384402275085,329.3910217285156
GPS,0,37.61957928862026,-122.37511650999052,313.841656547741,0
ATT,0,-1.205847144126892,0.46677497029304504,321.4552001953125
GPS,0,37.61963423235424,-122.37515646228823,315.3836800868977,0
ATT,0,-1.2009376287460327,0.34923529624938965,314.5702209472656
GPS,0,37.61968469062194,-122.37520131360667,316.7816087533251,0
ATT,0,-1.3794329166412354,0.24005688726902008,307.94879150390625
GPS,0,37.61973064459782,-122.37525083689074,317.90191814705344,0
ATT,0,-1.6187669038772583,0.13958851993083954,302.1277770996094
GPS,0,37.61977203675812,-122.37530463894835,318.5951127367518,0
ATT,0,-1.8650057315826416,0.04507073014974594,297.30511474609375
GPS,0,37.619809094717276,-122.37536180161837,318.7303612605739,0
ATT,0,-2.0955417156219482,-0.048260647803545,292.93414306640625
GPS,0,37.619842239599855,-122.37542114555305,318.21841331303574,0
ATT,0,-2.300041913986206,-0.15064004063606262,288.4875793457031
GPS,0,37.619871914125454,-122.37548148424725,317.0071834266321,0
ATT,0,-2.4746899604797363,-0.2715752422809601,283.9097900390625
GPS,0,37.619898511457244,-122.37554168938141,315.0676413164973,0
ATT,0,-2.6213455200195312,-0.41398748755455017,279.4801330566406
GPS,0,37.61992239076893,-122.37560065442872,312.38479552271,0
ATT,0,-2.746890068054199,-0.5743303298950195,275.54071044921875
GPS,0,37.61994392088139,-122.37565725555126,308.9555620835177,0
ATT,0,-2.8605103492736816,-0.7459970116615295,272.4186706542969
GPS,0,37.6199635122463,-122.37571033287006,304.7894459927687,0
ATT,0,-2.9121341705322266,-0.9202311635017395,270.3473205566406
GPS,0,37.61998138629048,-122.37575865354627,299.90031193355117,0
ATT,0,-2.834045171737671,-1.0778197050094604,268.59197998046875
GPS,0,37.61999724761399,-122.37580107734473,294.31208876954014,0
ATT,0,-2.7548413276672363,-1.2059952020645142,266.0694274902344
GPS,0,37.62001089963681,-122.37583693692841,288.0853559623135,0
ATT,0,-2.762648582458496,-1.3245608806610107,261.8831787109375
GPS,0,37.62002273904035,-122.37586565495104,281.29637830046363,0
ATT,0,-2.6080193519592285,-1.448403239250183,249.83311462402344
GPS,0,37.6200330460198,-122.37588635022477,274.0178307951289,0
ATT,0,-1.0857820510864258,-1.516554594039917,165.6878204345703
GPS,0,37.62004148241077,-122.3758980808464,266.3288186073203,0
ATT,0,-0.24735811352729797,-1.4248634576797485,119.3924560546875
GPS,0,37.6200475137681,-122.37590046302252,258.32179600291045,0
ATT,0,-0.1532595455646515,-1.3184483051300049,108.54246520996094
GPS,0,37.620051444027425,-122.37589323412706,250.0986408165484,0
ATT,0,-0.12614209949970245,-1.2047029733657837,97.59362030029297
GPS,0,37.620054599733464,-122.37587587812904,241.77368192788376,0
ATT,0,-0.14580707252025604,-1.0848137140274048,86.56710052490234
GPS,0,37.62005887964513,-122.37584814279397,233.4738654072064,0
ATT,0,-0.20359739661216736,-0.9710534811019897,75.58634948730469
GPS,0,37.62006658993534,-122.37581059967614,225.32623039357387,0
ATT,0,-0.288716197013855,-0.8742278218269348,64.68927764892578
GPS,0,37.620080033252364,-122.3757650123407,217.43370278077938,0
ATT,0,-0.3764587640762329,-0.7981998920440674,53.94969177246094
GPS,0,37.62010096385148,-122.37571409381619,209.8665399512755,0
ATT,0,-0.3831193745136261,-0.7386817932128906,43.53229904174805
GPS,0,37.62013006127543,-122.37566038946272,202.68560944916482,0
ATT,0,-0.27347391843795776,-0.679473340511322,33.847259521484375
GPS,0,37.620166862293026,-122.37560535160189,195.95877612656417,0
ATT,0,-0.12884125113487244,-0.6024166941642761,25.60602378845215
GPS,0,37.62021038563898,-122.37554960796143,189.7541302506819,0
ATT,0,-0.015039494261145592,-0.5060883164405823,19.656829833984375
GPS,0,37.62025959577308,-122.37549343478314,184.1375993427438,0
ATT,0,0.05311327800154686,-0.4033140242099762,16.2943115234375
GPS,0,37.620313426346016,-122.3754369296957,179.16177496708593,0
ATT,0,0.08907955884933472,-0.30375298857688904,15.195451736450195
GPS,0,37.620370794249965,-122.3753800830138,174.85884799358806,0
ATT,0,0.10807444155216217,-0.20819851756095886,15.858467102050781
GPS,0,37.62043068347809,-122.37532287102955,171.24708788559875,0
ATT,0,0.11098160594701767,-0.11591915041208267,17.910825729370117
GPS,0,37.6204921643245,-122.37526529381816,168.3417193101229,0
ATT,0,0.09277345985174179,-0.02852405235171318,20.93662452697754
GPS,0,37.6205544033989,-122.37520745303434,166.1576684554825,0
ATT,0,0.04807884618639946,0.05267613008618355,24.335941314697266
GPS,0,37.62061673881049,-122.37514974948795,164.69807463240548,0
ATT,0,-0.03646383807063103,0.1284170001745224,27.505678176879883
GPS,0,37.6206787802791,-122.3750930050832,163.93606389774226,0
ATT,0,-0.1609642505645752,0.20056478679180145,29.86394500732422
GPS,0,37.62074044073386,-122.37503837816331,163.81299544268435,0
ATT,0,-0.30688098073005676,0.2716052532196045,30.841657638549805
GPS,0,37.6208017808634,-122.37498714203245,164.24360637829568,0
ATT,0,-0.4639333188533783,0.3414328992366791,29.892955780029297
GPS,0,37.62086286076987,-122.3749405148148,165.11912843084778,0
ATT,0,-0.6307927966117859,0.4028628170490265,26.68584442138672
GPS,0,37.620923754577525,-122.37489954941347,166.32348951270413,0
ATT,0,-0.8071370124816895,0.4433130919933319,21.360788345336914
GPS,0,37.6209845124165,-122.37486507289843,167.73369306237768,0
ATT,0,-0.9934120178222656,0.45254582166671753,14.507298469543457
GPS,0,37.62104513834466,-122.37483765048665,169.21937138690234,0
ATT,0,-1.186444878578186,0.4257763922214508,6.951454162597656
GPS,0,37.62110557780569,-122.37481758519698,170.64582603827066,0
ATT,0,-1.3742339611053467,0.36333101987838745,359.50732421875
GPS,0,37.61908210091703,-122.3750002463823,304.7133203130585,0
ATT,0,-0.10396991670131683,0.12115484476089478,0.3993878662586212
GPS,0,37.619163043244335,-122.37500132194346,304.93665095917027,0
ATT,0,-0.3284876346588135,0.3332032859325409,359.08685302734375
GPS,0,37.61924148702753,-122.37500562793629,305.80396555456764,0
ATT,0,-0.5791855454444885,0.4639778733253479,356.0654602050781
GPS,0,37.61931652973874,-122.37501562559981,307.1718235028781,0
ATT,0,-0.8200868964195251,0.5476429462432861,353.3030700683594
GPS,0,37.61938795059017,-122.37503185275713,308.78714432539664,0
ATT,0,-1.0498981475830078,0.6210631132125854,348.3802795410156
GPS,0,37.61945576124202,-122.37505428440795,310.4392625950931,0
ATT,0,-1.2891064882278442,0.6723667979240417,340.2619934082031
GPS,0,37.619519929821834,-122.37508280567405,311.9681692705665,0
ATT,0,-1.5406471490859985,0.680018424987793,330.01025390625
GPS,0,37.619580452610904,-122.37511702319028,313.2493341639645,0
ATT,0,-1.7791842222213745,0.6281341910362244,319.6018371582031
GPS,0,37.61963740208189,-122.37515631825964,314.1779545826691,0
ATT,0,-1.9815729856491089,0.5139807462692261,310.8277587890625
GPS,0,37.61969085547269,-122.3752000684242,314.65323191210416,0
ATT,0,-2.147284984588623,0.3475275933742523,304.34906005859375
GPS,0,37.61974087207809,-122.3752475722038,314.5746498566877,0
ATT,0,-2.2898600101470947,0.14285869896411896,299.9757385253906
GPS,0,37.61978748124063,-122.37529795713516,313.84189502241003,0
ATT,0,-2.4254868030548096,-0.08391525596380234,297.3389587402344
GPS,0,37.61983068262028,-122.37535010713202,312.3599120545182,0
ATT,0,-2.5712313652038574,-0.3166131377220154,296.2437744140625
GPS,0,37.6198705470767,-122.37540257782804,310.05954286612814,0
ATT,0,-2.7329518795013428,-0.5412378907203674,296.8105773925781
GPS,0,37.61990719967349,-122.37545372554686,306.903353484123,0
ATT,0,-2.834686040878296,-0.7441255450248718,299.1321105957031
GPS,0,37.61994054892822,-122.37550209709882,302.88662562825994,0
ATT,0,-2.8269081115722656,-0.9130123257637024,302.1220703125
GPS,0,37.61997015334994,-122.37554689282115,298.0465240002462,0
ATT,0,-2.765381097793579,-1.0537598133087158,304.21905517578125
GPS,0,37.61999547116698,-122.37558783443713,292.4552256234836,0
ATT,0,-2.657499313354492,-1.181049108505249,302.93707275390625
GPS,0,37.62001589640655,-122.37562481946688,286.1934754422744,0
ATT,0,-2.4247519969940186,-1.2955999374389648,293.2601623535156
GPS,0,37.620030723169286,-122.37565778904279,279.34252505585005,0
ATT,0,-1.8854995965957642,-1.3639907836914062,266.2056884765625
GPS,0,37.62003913782113,-122.37568686383052,271.9955291122566,0
ATT,0,-1.2136335372924805,-1.331151008605957,232.3782196044922
GPS,0,37.62004030926528,-122.37571246037065,264.2645930300125,0
ATT,0,-0.8763329982757568,-1.2256946563720703,215.86048889160156
GPS,0,37.62003357310472,-122.37573494579726,256.2730958958268,0
ATT,0,-0.841110348701477,-1.101645588874817,209.66525268554688
GPS,0,37.620018916279776,-122.3757538784061,248.1357585955286,0
ATT,0,-0.9352103471755981,-0.9741784334182739,205.36221313476562
GPS,0,37.61999702906613,-122.37576812455198,239.9350780002205,0
ATT,0,-0.9936623573303223,-0.8473392724990845,199.6963348388672
GPS,0,37.61996858882544,-122.37577662029813,231.75146783637226,0
ATT,0,-0.945294201374054,-0.7395479679107666,192.86056518554688
GPS,0,37.619933728102424,-122.37577870373316,223.70553486259777,0
ATT,0,-0.7980753779411316,-0.6798906326293945,185.87469482421875
GPS,0,37.61989245435056,-122.37577432015219,215.9342550498295,0
ATT,0,-0.600899875164032,-0.6684083938598633,177.39633178710938
GPS,0,37.61984523705253,-122.37576378387193,208.52471510278977,0
ATT,0,-0.3801029920578003,-0.6544153094291687,165.96319580078125
GPS,0,37.619792635922906,-122.37574726560652,201.54330605078482,0
ATT,0,-0.18732446432113647,-0.5998231172561646,153.19473266601562
GPS,0,37.61973536155551,-122.37572456116779,195.08945659557494,0
ATT,0,-0.0858393982052803,-0.5142155885696411,141.7958984375
GPS,0,37.619674537853214,-122.3756952052648,189.2733931018957,0
ATT,0,-0.04195728525519371,-0.4331418573856354,133.0108642578125
GPS,0,37.61961152802217,-122.37565927971865,184.13597342107607,0
ATT,0,-0.006445832084864378,-0.36435768008232117,127.07681274414062
GPS,0,37.619547377346954,-122.37561781929462,179.65016173450772,0
ATT,0,0.030248228460550308,-0.29127171635627747,123.68827056884766
GPS,0,37.619482650965764,-122.37557211468962,175.78831592140634,0
ATT,0,0.06990543007850647,-0.2043711245059967,122.44786071777344
GPS,0,37.619417616193736,-122.37552345430753,172.54033711980787,0
ATT,0,0.11055322736501694,-0.10694170743227005,123.04247283935547
GPS,0,37.61935239344589,-122.375473101654,169.9092321357738,0
ATT,0,0.1405612677335739,-0.008233454078435898,125.1663589477539
GPS,0,37.6192871080054,-122.3754221962086,167.90654820157886,0
ATT,0,0.1291322261095047,0.08049460500478745,128.460693359375
GPS,0,37.61922208726988,-122.37537149131553,166.55539428197486,0
ATT,0,0.040957678109407425,0.1495625078678131,132.5313262939453
GPS,0,37.619157958779674,-122.37532117062793,165.86504866146174,0
ATT,0,-0.10378589481115341,0.20379430055618286,136.83773803710938
GPS,0,37.61909550606315,-122.37527088651615,165.78089984885938,0
ATT,0,-0.24885639548301697,0.26233842968940735,140.5211639404297
GPS,0,37.61903541953525,-122.3752201573584,166.21991088773026,0
ATT,0,-0.3700617551803589,0.3342577815055847,142.55825805664062
GPS,0,37.61897830727922,-122.37516867577207,167.0941000442224,0
ATT,0,-0.4771687090396881,0.4103296995162964,142.3347625732422
GPS,0,37.61892475809614,-122.37511625697034,168.32631964624488,0
ATT,0,-0.5818168520927429,0.4753062427043915,139.7946014404297
GPS,0,37.61887524793993,-122.37506275402086,169.83847268973585,0
ATT,0,-0.6732369065284729,0.5179837346076965,135.26214599609375
GPS,0,37.618830092761755,-122.37500813203742,171.55504921445882,0
ATT,0,-0.7274846434593201,0.533997654914856,129.33355712890625
GPS,0,37.6187893865883,-122.37495256321478,173.41204689357778,0
ATT,0,-0.7374727725982666,0.5255329608917236,122.68061065673828
GPS,0,37.61875299521088,-122.37489638863026,175.36001117730606,0
ATT,0,-0.7179415822029114,0.49995091557502747,115.77259826660156
GPS,0,37.618720667385944,-122.37484003643806,177.35947540801345,0
ATT,0,-0.6894504427909851,0.46738186478614807,108.82398986816406
GPS,0,37.618692125614125,-122.37478395284938,179.37396071033064,0
ATT,0,-0.666378915309906,0.4362713396549225,102.01685333251953
GPS,0,37.61908210098114,-122.375000240273,304.7133353117439,0
ATT,0,-0.10381089895963669,0.1211429163813591,0.383592814207077
GPS,0,37.61916304375231,-122.3750013040097,304.9368393666797,0
ATT,0,-0.3284339904785156,0.3330691456794739,359.03656005859375
GPS,0,37.61924148863764,-122.37500560030789,305.80456359995105,0
ATT,0,-0.5796307325363159,0.4635189473628998,355.98785400390625
GPS,0,37.61931653321058,-122.37501558404729,307.1734600718807,0
ATT,0,-0.8209975957870483,0.5463716387748718,353.1852111816406
GPS,0,37.6193879538513,-122.37503178110909,308.7926759480844,0
ATT,0,-1.051126480102539,0.6174127459526062,348.1693115234375
GPS,0,37.6194557553289,-122.37505414021054,310.4583906767542,0
ATT,0,-1.2882676124572754,0.6614824533462524,339.9193420410156
GPS,0,37.61951988226387,-122.37508254752912,312.0241754491393,0
ATT,0,-1.530181884765625,0.6520756483078003,329.7304382324219
GPS,0,37.61958029032762,-122.3751167316724,313.368280706515,0
ATT,0,-1.7522836923599243,0.5753265023231506,319.8409423828125
GPS,0,37.619636956655846,-122.37515633469239,314.3726375635774,0
ATT,0,-1.8678468465805054,0.439285546541214,311.8506164550781
GPS,0,37.61968959012787,-122.37520116595887,314.95420667091787,0
ATT,0,-1.809067964553833,0.2725687623023987,306.5011291503906
GPS,0,37.61973768290371,-122.3752510174244,315.09516754793924,0
ATT,0,-1.6612215042114258,0.0954018086194992,302.90008544921875
GPS,0,37.61978105583555,-122.3753052923961,314.8205937993027,0
ATT,0,-1.5161969661712646,-0.08159245550632477,299.00238037109375
GPS,0,37.61981981962379,-122.37536320814743,314.15608563422103,0
ATT,0,-1.3953665494918823,-0.23860684037208557,293.5243225097656
GPS,0,37.61985392592607,-122.37542407456533,313.12179727494816,0
ATT,0,-1.2932484149932861,-0.35682791471481323,286.6202392578125
GPS,0,37.61988321242992,-122.3754873495446,311.7453274001428,0
ATT,0,-1.2039035558700562,-0.43174853920936584,279.3509216308594
GPS,0,37.619907535348744,-122.3755525516267,310.06321777845125,0
ATT,0,-1.1239711046218872,-0.4691895842552185,272.64697265625
GPS,0,37.61992687165038,-122.37561923456805,308.11935515254976,0
ATT,0,-1.0471707582473755,-0.47774556279182434,266.79083251953125
GPS,0,37.61994132103406,-122.37568701789824,305.9636797559171,0
ATT,0,-0.9654970169067383,-0.46542349457740784,261.57708740234375
GPS,0,37.619951036564224,-122.37575559539864,303.6480998414167,0
ATT,0,-0.875987708568573,-0.4379470944404602,256.7920837402344
GPS,0,37.6199561834867,-122.37582471964535,301.22599813827844,0
ATT,0,-0.7809870839118958,-0.3992847800254822,252.43309020996094
GPS,0,37.619956952281505,-122.37589419152471,298.7545617003279,0
ATT,0,-0.6834721565246582,-0.3534374535083771,248.5659637451172
GPS,0,37.619953589832036,-122.37596384455318,296.2920857192818,0
ATT,0,-0.585854709148407,-0.30379289388656616,245.2161865234375
GPS,0,37.61994642918154,-122.37603353728842,293.89343392285144,0
ATT,0,-0.4896753132343292,-0.25253552198410034,242.347412109375
GPS,0,37.61993588418452,-122.37610315382288,291.60664310366934,0
ATT,0,-0.396083801984787,-0.20076221227645874,239.88929748535156
GPS,0,37.61992242252829,-122.37617259927225,289.47065765371093,0
ATT,0,-0.30691206455230713,-0.14874587953090668,237.79818725585938
GPS,0,37.61990653924711,-122.37624179596601,287.5149901355943,0
ATT,0,-0.22475159168243408,-0.09662723541259766,236.0621337890625
GPS,0,37.61988872834827,-122.37631067620043,285.7601666725726,0
ATT,0,-0.1537019908428192,-0.04490184411406517,234.69158935546875
GPS,0,37.6198692546638,-122.37637907172464,284.2157935530588,0
ATT,0,-0.19048960506916046,0.004513910040259361,234.3084259033203
GPS,0,37.61984800678957,-122.37644664191076,282.8782341467039,0
ATT,0,-0.37115734815597534,0.043388836085796356,235.7108917236328
GPS,0,37.61982466705076,-122.37651295409182,281.7043454546067,0
ATT,0,-0.5790888667106628,0.08151654154062271,238.34535217285156
GPS,0,37.61979899763629,-122.37657757102299,280.65867056572927,0
ATT,0,-0.6682532429695129,0.13246281445026398,240.31283569335938
GPS,0,37.619771175068266,-122.37664027322506,279.71782279968255,0
ATT,0,-0.5815169215202332,0.18088555335998535,240.25518798828125
GPS,0,37.61974154983302,-122.37670103742488,278.91142870707455,0
ATT,0,-0.4295516014099121,0.2099953591823578,238.9180908203125
GPS,0,37.6197107393247,-122.37676014763235,278.25715225975205,0
ATT,0,-0.27005770802497864,0.21574167907238007,236.587890625
GPS,0,37.61967926800916,-122.37681791638005,277.7473920782612,0
ATT,0,-0.21567147970199585,0.212050199508667,233.5753173828125
GPS,0,37.61964728829474,-122.3768743409705,277.3768701578552,0
ATT,0,-0.31581321358680725,0.2147430032491684,230.61285400390625
GPS,0,37.619614605715675,-122.37692908772361,277.12239438460017,0
ATT,0,-0.47884485125541687,0.22422567009925842,227.63101196289062
GPS,0,37.61958087687572,-122.37698164853484,276.94596806712656,0
ATT,0,-0.6620792746543884,0.23340532183647156,224.3594970703125
GPS,0,37.619545777410615,-122.377031483669,276.7973765514495,0
ATT,0,-0.8470156192779541,0.23531517386436462,220.5956573486328
GPS,0,37.61950908311235,-122.3770781218691,276.613929977329,0
ATT,0,-1.0264744758605957,0.22490379214286804,216.24317932128906
GPS,0,37.619470710109894,-122.37712122112467,276.3245477194476,0
ATT,0,-1.1977437734603882,0.19801874458789825,211.32151794433594
GPS,0,37.61943068637127,-122.37716052596048,275.8593625581124,0
ATT,0,-1.3593641519546509,0.15105539560317993,205.96763610839844
GPS,0,37.619389124640456,-122.37719582393306,275.1526798302701,0
ATT,0,-1.5103418827056885,0.08157195895910263,200.38612365722656
GPS,0,37.619346227485345,-122.37722694422787,274.1418891463841,0
ATT,0,-1.650420069694519,-0.011217167600989342,194.78121948242188
GPS,0,37.619302288247574,-122.37725375160494,272.7669702537073,0
ATT,0,-1.7804678678512573,-0.12638181447982788,189.31744384765625
GPS,0,37.619257694191646,-122.37727614401693,270.9710651873064,0
ATT,0,-1.9022618532180786,-0.26191386580467224,184.11622619628906
GPS,0,37.61921294028506,-122.37729406778806,268.7002006291309,0
ATT,0,-2.018984079360962,-0.4149026572704315,179.2765655517578
GPS,0,37.61916865273318,-122.3773075570158,265.9023477173847,0
ATT,0,-2.136160135269165,-0.5804333090782166,174.88894653320312
GPS,0,37.61912560580759,-122.37731679584948,262.5293097100765,0
ATT,0,-2.2611727714538574,-0.7513813972473145,171.04757690429688
GPS,0,37.619084702053826,-122.37732218431293,258.54279051225546,0
ATT,0,-2.4014670848846436,-0.9198295474052429,167.89056396484375
